
ROM used:   137/2048 (7%)
            137/2048 (7%) including unused fragments

            0.2 Average locations per line
            5.7 Average locations per statement

RAM used:   6/224 (3%) at main() level
            7/224 (3%) worst case

Stack used: 0 worst case (0 in main + 0 for interrupts)
Stack size: 8

Lines Stmts  %   Files
----- ----- ---  -----
   44    24 100  semaforo.c
  508     0   0  ..\..\..\..\Program Files (x86)\PICC\Devices\16f628a.h
----- -----
  552    24 Total

Page ROM  %  RAM   Vol Diff  Functions:
---- --- --- ---   --- ----  ----------
0     13   9    1             @delay_ms1
0    120  88    1   561  1.4  main
 Inline         0             @cinit1

Program metrics:
    Functions               1
    Statements              24
    Comments                113
    Volume (V)              567
    Difficulty (D)          1.4
    Effort to implement (E) 784
    Time to implement (T)   1 minutes
    Est Delivered Bugs (B)  0
    Cyclomatic Complexity   1
    Maintainability (MI)    52

 Segment     Used  Free
-----------  ----  ----
00000-00003     4  0  
00004-007FF   133  1911  



