
ROM used:   72/2048 (4%)
            72/2048 (4%) including unused fragments

            0.1 Average locations per line
            9.0 Average locations per statement

RAM used:   17/224 (8%) at main() level
            17/224 (8%) worst case

Stack used: 0 worst case (0 in main + 0 for interrupts)
Stack size: 8

Lines Stmts  %   Files
----- ----- ---  -----
   24     8 100  contador.c
  508     0   0  ..\..\..\..\..\Program Files (x86)\PICC\Devices\16F628A.h
----- -----
  532     8 Total

Page ROM  %  RAM   Vol Diff  Functions:
---- --- --- ---   --- ----  ----------
0     21  29    1             @delay_ms1
0     47  65    2   158  3.9  main
 Inline         0             @cinit1

Program metrics:
    Functions               1
    Statements              8
    Comments                92
    Volume (V)              162
    Difficulty (D)          3.5
    Effort to implement (E) 566
    Time to implement (T)   1 minutes
    Est Delivered Bugs (B)  0
    Cyclomatic Complexity   1
    Maintainability (MI)    148

 Segment     Used  Free
-----------  ----  ----
00000-00003     4  0  
00004-007FF    68  1976  



