CCS PCM C Compiler, Version 5.007, 61971               10-mar-24 15:31

               Filename:   C:\Users\Ivina\Desktop\Microcontroladores e DSPS\contador 0 a 9\contador.lst

               ROM used:   72 words (4%)
                           Largest free fragment is 1976
               RAM used:   17 (8%) at main() level
                           17 (8%) worst case
               Stack used: 0 locations
               Stack size: 8

*
0000:  MOVLW  00
0001:  MOVWF  0A
0002:  GOTO   019
0003:  NOP
.................... #include <16F628A.h> 
.................... //////// Standard Header file for the PIC16F628A device //////////////// 
.................... #device PIC16F628A 
....................  
.................... #list 
....................  
.................... #fuses XT, NOMCLR, NOWDT 
.................... #use delay(clock=4MHz) 
0004:  MOVLW  2B
0005:  MOVWF  04
0006:  BCF    03.7
0007:  MOVF   00,W
0008:  BTFSC  03.2
0009:  GOTO   018
000A:  MOVLW  01
000B:  MOVWF  78
000C:  CLRF   77
000D:  DECFSZ 77,F
000E:  GOTO   00D
000F:  DECFSZ 78,F
0010:  GOTO   00C
0011:  MOVLW  4A
0012:  MOVWF  77
0013:  DECFSZ 77,F
0014:  GOTO   013
0015:  GOTO   016
0016:  DECFSZ 00,F
0017:  GOTO   00A
0018:  GOTO   046 (RETURN)
....................  
.................... int8 segmentos[] = { 
....................    0b00111111, 0b00000110, 0b01011011, 0b01001111, 
....................    0b01100110, 0b01101101, 0b01111100, 0b00000111, 
....................    0b01111111, 0b01100111 
.................... }; 
*
001E:  MOVLW  3F
001F:  MOVWF  20
0020:  MOVLW  06
0021:  MOVWF  21
0022:  MOVLW  5B
0023:  MOVWF  22
0024:  MOVLW  4F
0025:  MOVWF  23
0026:  MOVLW  66
0027:  MOVWF  24
0028:  MOVLW  6D
0029:  MOVWF  25
002A:  MOVLW  7C
002B:  MOVWF  26
002C:  MOVLW  07
002D:  MOVWF  27
002E:  MOVLW  7F
002F:  MOVWF  28
0030:  MOVLW  67
0031:  MOVWF  29
....................  
.................... void main () { 
*
0019:  MOVLW  07
001A:  MOVWF  1F
001B:  BCF    03.7
001C:  MOVLW  1F
001D:  ANDWF  03,F
*
0032:  CLRF   2A
....................  
....................    int numero = 0;    
....................    while (true) {  
....................       output_b( segmentos[numero] ); 
0033:  MOVLW  20
0034:  ADDWF  2A,W
0035:  MOVWF  04
0036:  BCF    03.7
0037:  MOVF   00,W
0038:  MOVWF  2B
0039:  BSF    03.5
003A:  CLRF   06
003B:  BCF    03.5
003C:  MOVF   2B,W
003D:  MOVWF  06
....................       numero++; 
003E:  INCF   2A,F
....................       if (numero > 9) { 
003F:  MOVF   2A,W
0040:  SUBLW  09
0041:  BTFSS  03.0
....................          numero = 0; 
0042:  CLRF   2A
....................       } 
....................       delay_ms(100); 
0043:  MOVLW  64
0044:  MOVWF  2B
0045:  GOTO   004
0046:  GOTO   033
....................    } 
.................... } 
....................  
0047:  SLEEP

Configuration Fuses:
   Word  1: 3F41   NOWDT PUT XT NOMCLR BROWNOUT NOLVP NOCPD NOPROTECT
