
ROM used:   162/2048 (8%)
            162/2048 (8%) including unused fragments

            0.3 Average locations per line
            5.2 Average locations per statement

RAM used:   6/224 (3%) at main() level
            7/224 (3%) worst case

Stack used: 0 worst case (0 in main + 0 for interrupts)
Stack size: 8

Lines Stmts  %   Files
----- ----- ---  -----
   65    31 100  sema-display.c
  508     0   0  ..\..\..\..\..\Program Files (x86)\PICC\Devices\16f628a.h
----- -----
  573    31 Total

Page ROM  %  RAM   Vol Diff  Functions:
---- --- --- ---   --- ----  ----------
0     21  13    1             @delay_ms1
0    137  85    1   755  3.4  main
 Inline         0    12  0.8  @cinit1

Program metrics:
    Functions               2
    Statements              31
    Comments                106
    Volume (V)              801
    Difficulty (D)          4.7
    Effort to implement (E) 3755
    Time to implement (T)   3 minutes
    Est Delivered Bugs (B)  0
    Cyclomatic Complexity   1
    Maintainability (MI)    47

 Segment     Used  Free
-----------  ----  ----
00000-00003     4  0  
00004-007FF   158  1886  



